  [1m[36mSQL (118.1ms)[0m  [1mSHOW TABLES[0m
  [1m[35mSQL (149.7ms)[0m  CREATE TABLE `schema_migrations` (`version` varchar(255) NOT NULL) ENGINE=InnoDB
  [1m[36mSQL (2.1ms)[0m  [1mSHOW KEYS FROM `schema_migrations`[0m
  [1m[35mSQL (115.0ms)[0m  CREATE UNIQUE INDEX `unique_schema_migrations` ON `schema_migrations` (`version`)
  [1m[36mSQL (0.4ms)[0m  [1mSHOW TABLES[0m
  [1m[35mSQL (0.2ms)[0m  SHOW TABLES
  [1m[36mSQL (0.8ms)[0m  [1mSELECT `schema_migrations`.`version` FROM `schema_migrations`[0m
Migrating to CreateFeatures (20110210232647)
  [1m[35mSQL (52.8ms)[0m  CREATE TABLE `features` (`id` int(11) DEFAULT NULL auto_increment PRIMARY KEY, `title` varchar(255), `description` varchar(255), `created_at` datetime, `updated_at` datetime) ENGINE=InnoDB
  [1m[36mSQL (23.3ms)[0m  [1mINSERT INTO `schema_migrations` (`version`) VALUES ('20110210232647')[0m
Migrating to CreateScenarios (20110210232952)
  [1m[35mSQL (37.7ms)[0m  CREATE TABLE `scenarios` (`id` int(11) DEFAULT NULL auto_increment PRIMARY KEY, `title` varchar(255), `definition` varchar(255), `feature_id` int(11), `created_at` datetime, `updated_at` datetime) ENGINE=InnoDB
  [1m[36mSQL (8.6ms)[0m  [1mINSERT INTO `schema_migrations` (`version`) VALUES ('20110210232952')[0m
Migrating to CreateScenarioTags (20110210233207)
  [1m[35mSQL (101.7ms)[0m  CREATE TABLE `scenario_tags` (`id` int(11) DEFAULT NULL auto_increment PRIMARY KEY, `name` varchar(255), `scenario_id` int(11), `created_at` datetime, `updated_at` datetime) ENGINE=InnoDB
  [1m[36mSQL (32.3ms)[0m  [1mINSERT INTO `schema_migrations` (`version`) VALUES ('20110210233207')[0m
  [1m[35mSQL (0.7ms)[0m  SHOW TABLES
  [1m[36mSQL (0.3ms)[0m  [1mSELECT `schema_migrations`.`version` FROM `schema_migrations`[0m
  [1m[35mSQL (0.4ms)[0m  SHOW TABLES
  [1m[36mSQL (0.8ms)[0m  [1mdescribe `features`[0m
  [1m[35mSQL (0.4ms)[0m  SHOW KEYS FROM `features`
  [1m[36mSQL (0.5ms)[0m  [1mdescribe `scenario_tags`[0m
  [1m[35mSQL (0.3ms)[0m  SHOW KEYS FROM `scenario_tags`
  [1m[36mSQL (0.6ms)[0m  [1mdescribe `scenarios`[0m
  [1m[35mSQL (0.3ms)[0m  SHOW KEYS FROM `scenarios`
  [1m[36mSQL (0.4ms)[0m  [1mSHOW TABLES[0m
  [1m[35mSQL (116.5ms)[0m  CREATE TABLE `schema_migrations` (`version` varchar(255) NOT NULL) ENGINE=InnoDB
  [1m[36mSQL (0.4ms)[0m  [1mSHOW KEYS FROM `schema_migrations`[0m
  [1m[35mSQL (106.6ms)[0m  CREATE UNIQUE INDEX `unique_schema_migrations` ON `schema_migrations` (`version`)
  [1m[36mSQL (0.4ms)[0m  [1mSHOW TABLES[0m
  [1m[35mSQL (0.3ms)[0m  SHOW TABLES
  [1m[36mSQL (0.4ms)[0m  [1mSELECT `schema_migrations`.`version` FROM `schema_migrations`[0m
Migrating to CreateFeatures (20110210232647)
  [1m[35mSQL (24.3ms)[0m  CREATE TABLE `features` (`id` int(11) DEFAULT NULL auto_increment PRIMARY KEY, `title` varchar(255), `description` varchar(255), `created_at` datetime, `updated_at` datetime) ENGINE=InnoDB
  [1m[36mSQL (8.0ms)[0m  [1mINSERT INTO `schema_migrations` (`version`) VALUES ('20110210232647')[0m
Migrating to CreateScenarios (20110210232952)
  [1m[35mSQL (82.0ms)[0m  CREATE TABLE `scenarios` (`id` int(11) DEFAULT NULL auto_increment PRIMARY KEY, `title` varchar(255), `definition` varchar(255), `feature_id` int(11), `created_at` datetime, `updated_at` datetime) ENGINE=InnoDB
  [1m[36mSQL (9.0ms)[0m  [1mINSERT INTO `schema_migrations` (`version`) VALUES ('20110210232952')[0m
Migrating to CreateTags (20110210233207)
  [1m[36mSQL (0.3ms)[0m  [1mSHOW TABLES[0m
  [1m[35mSQL (0.2ms)[0m  SHOW TABLES
  [1m[36mSQL (0.2ms)[0m  [1mSELECT `schema_migrations`.`version` FROM `schema_migrations`[0m
Migrating to CreateFeatures (20110210232647)
Migrating to CreateScenarios (20110210232952)
Migrating to CreateTags (20110210233207)
  [1m[35mSQL (90.1ms)[0m  CREATE TABLE `tags` (`id` int(11) DEFAULT NULL auto_increment PRIMARY KEY, `name` varchar(255), `created_at` datetime, `updated_at` datetime) ENGINE=InnoDB
  [1m[36mSQL (3.0ms)[0m  [1mINSERT INTO `schema_migrations` (`version`) VALUES ('20110210233207')[0m
  [1m[35mSQL (1.4ms)[0m  SHOW TABLES
  [1m[36mSQL (0.3ms)[0m  [1mSELECT `schema_migrations`.`version` FROM `schema_migrations`[0m
  [1m[35mSQL (0.2ms)[0m  SHOW TABLES
  [1m[36mSQL (0.4ms)[0m  [1mdescribe `features`[0m
  [1m[35mSQL (0.2ms)[0m  SHOW KEYS FROM `features`
  [1m[36mSQL (0.4ms)[0m  [1mdescribe `scenarios`[0m
  [1m[35mSQL (0.2ms)[0m  SHOW KEYS FROM `scenarios`
  [1m[36mSQL (0.4ms)[0m  [1mdescribe `tags`[0m
  [1m[35mSQL (0.2ms)[0m  SHOW KEYS FROM `tags`
